2023-09-26 17:15:04.0669|0|ERROR|Program|Stop program because of exception System.InvalidOperationException: Error while validating the service descriptor 'ServiceType: Pointify.BussinessTier.Services.Interface.IMemberProgramService Lifetime: Scoped ImplementationType: Pointify.BussinessTier.Services.Implement.MemberProgramService': Unable to resolve service for type 'NLog.Web.IHttpContextAccessor' while attempting to activate 'Pointify.BussinessTier.Services.Implement.MemberProgramService'.
 ---> System.InvalidOperationException: Unable to resolve service for type 'NLog.Web.IHttpContextAccessor' while attempting to activate 'Pointify.BussinessTier.Services.Implement.MemberProgramService'.
   at Microsoft.Extensions.DependencyInjection.ServiceLookup.CallSiteFactory.CreateArgumentCallSites(Type implementationType, CallSiteChain callSiteChain, ParameterInfo[] parameters, Boolean throwIfCallSiteNotFound)
   at Microsoft.Extensions.DependencyInjection.ServiceLookup.CallSiteFactory.CreateConstructorCallSite(ResultCache lifetime, Type serviceType, Type implementationType, CallSiteChain callSiteChain)
   at Microsoft.Extensions.DependencyInjection.ServiceLookup.CallSiteFactory.TryCreateExact(ServiceDescriptor descriptor, Type serviceType, CallSiteChain callSiteChain, Int32 slot)
   at Microsoft.Extensions.DependencyInjection.ServiceLookup.CallSiteFactory.GetCallSite(ServiceDescriptor serviceDescriptor, CallSiteChain callSiteChain)
   at Microsoft.Extensions.DependencyInjection.ServiceProvider.ValidateService(ServiceDescriptor descriptor)
   --- End of inner exception stack trace ---
   at Microsoft.Extensions.DependencyInjection.ServiceProvider.ValidateService(ServiceDescriptor descriptor)
   at Microsoft.Extensions.DependencyInjection.ServiceProvider..ctor(ICollection`1 serviceDescriptors, ServiceProviderOptions options)|url: |action: |Program.<Main>$
2023-09-26 17:15:14.4405|0|ERROR|Program|Stop program because of exception System.InvalidOperationException: Error while validating the service descriptor 'ServiceType: Pointify.BussinessTier.Services.Interface.IMemberProgramService Lifetime: Scoped ImplementationType: Pointify.BussinessTier.Services.Implement.MemberProgramService': Unable to resolve service for type 'NLog.Web.IHttpContextAccessor' while attempting to activate 'Pointify.BussinessTier.Services.Implement.MemberProgramService'.
 ---> System.InvalidOperationException: Unable to resolve service for type 'NLog.Web.IHttpContextAccessor' while attempting to activate 'Pointify.BussinessTier.Services.Implement.MemberProgramService'.
   at Microsoft.Extensions.DependencyInjection.ServiceLookup.CallSiteFactory.CreateArgumentCallSites(Type implementationType, CallSiteChain callSiteChain, ParameterInfo[] parameters, Boolean throwIfCallSiteNotFound)
   at Microsoft.Extensions.DependencyInjection.ServiceLookup.CallSiteFactory.CreateConstructorCallSite(ResultCache lifetime, Type serviceType, Type implementationType, CallSiteChain callSiteChain)
   at Microsoft.Extensions.DependencyInjection.ServiceLookup.CallSiteFactory.TryCreateExact(ServiceDescriptor descriptor, Type serviceType, CallSiteChain callSiteChain, Int32 slot)
   at Microsoft.Extensions.DependencyInjection.ServiceLookup.CallSiteFactory.GetCallSite(ServiceDescriptor serviceDescriptor, CallSiteChain callSiteChain)
   at Microsoft.Extensions.DependencyInjection.ServiceProvider.ValidateService(ServiceDescriptor descriptor)
   --- End of inner exception stack trace ---
   at Microsoft.Extensions.DependencyInjection.ServiceProvider.ValidateService(ServiceDescriptor descriptor)
   at Microsoft.Extensions.DependencyInjection.ServiceProvider..ctor(ICollection`1 serviceDescriptors, ServiceProviderOptions options)|url: |action: |Program.<Main>$
2023-09-26 17:15:33.6734|0|ERROR|Program|Stop program because of exception System.InvalidOperationException: Error while validating the service descriptor 'ServiceType: Pointify.BussinessTier.Services.Interface.IMemberProgramService Lifetime: Scoped ImplementationType: Pointify.BussinessTier.Services.Implement.MemberProgramService': Unable to resolve service for type 'NLog.Web.IHttpContextAccessor' while attempting to activate 'Pointify.BussinessTier.Services.Implement.MemberProgramService'.
 ---> System.InvalidOperationException: Unable to resolve service for type 'NLog.Web.IHttpContextAccessor' while attempting to activate 'Pointify.BussinessTier.Services.Implement.MemberProgramService'.
   at Microsoft.Extensions.DependencyInjection.ServiceLookup.CallSiteFactory.CreateArgumentCallSites(Type implementationType, CallSiteChain callSiteChain, ParameterInfo[] parameters, Boolean throwIfCallSiteNotFound)
   at Microsoft.Extensions.DependencyInjection.ServiceLookup.CallSiteFactory.CreateConstructorCallSite(ResultCache lifetime, Type serviceType, Type implementationType, CallSiteChain callSiteChain)
   at Microsoft.Extensions.DependencyInjection.ServiceLookup.CallSiteFactory.TryCreateExact(ServiceDescriptor descriptor, Type serviceType, CallSiteChain callSiteChain, Int32 slot)
   at Microsoft.Extensions.DependencyInjection.ServiceLookup.CallSiteFactory.GetCallSite(ServiceDescriptor serviceDescriptor, CallSiteChain callSiteChain)
   at Microsoft.Extensions.DependencyInjection.ServiceProvider.ValidateService(ServiceDescriptor descriptor)
   --- End of inner exception stack trace ---
   at Microsoft.Extensions.DependencyInjection.ServiceProvider.ValidateService(ServiceDescriptor descriptor)
   at Microsoft.Extensions.DependencyInjection.ServiceProvider..ctor(ICollection`1 serviceDescriptors, ServiceProviderOptions options)|url: |action: |Program.<Main>$
2023-09-26 17:15:57.9003|0|ERROR|Program|Stop program because of exception System.InvalidOperationException: Error while validating the service descriptor 'ServiceType: Pointify.BussinessTier.Services.Interface.IMemberProgramService Lifetime: Scoped ImplementationType: Pointify.BussinessTier.Services.Implement.MemberProgramService': Unable to resolve service for type 'NLog.Web.IHttpContextAccessor' while attempting to activate 'Pointify.BussinessTier.Services.Implement.MemberProgramService'.
 ---> System.InvalidOperationException: Unable to resolve service for type 'NLog.Web.IHttpContextAccessor' while attempting to activate 'Pointify.BussinessTier.Services.Implement.MemberProgramService'.
   at Microsoft.Extensions.DependencyInjection.ServiceLookup.CallSiteFactory.CreateArgumentCallSites(Type implementationType, CallSiteChain callSiteChain, ParameterInfo[] parameters, Boolean throwIfCallSiteNotFound)
   at Microsoft.Extensions.DependencyInjection.ServiceLookup.CallSiteFactory.CreateConstructorCallSite(ResultCache lifetime, Type serviceType, Type implementationType, CallSiteChain callSiteChain)
   at Microsoft.Extensions.DependencyInjection.ServiceLookup.CallSiteFactory.TryCreateExact(ServiceDescriptor descriptor, Type serviceType, CallSiteChain callSiteChain, Int32 slot)
   at Microsoft.Extensions.DependencyInjection.ServiceLookup.CallSiteFactory.GetCallSite(ServiceDescriptor serviceDescriptor, CallSiteChain callSiteChain)
   at Microsoft.Extensions.DependencyInjection.ServiceProvider.ValidateService(ServiceDescriptor descriptor)
   --- End of inner exception stack trace ---
   at Microsoft.Extensions.DependencyInjection.ServiceProvider.ValidateService(ServiceDescriptor descriptor)
   at Microsoft.Extensions.DependencyInjection.ServiceProvider..ctor(ICollection`1 serviceDescriptors, ServiceProviderOptions options)|url: |action: |Program.<Main>$
2023-09-26 17:17:04.4188|0|ERROR|Program|Stop program because of exception System.InvalidOperationException: Error while validating the service descriptor 'ServiceType: Pointify.BussinessTier.Services.Interface.IMemberProgramService Lifetime: Scoped ImplementationType: Pointify.BussinessTier.Services.Implement.MemberProgramService': Unable to resolve service for type 'NLog.Web.IHttpContextAccessor' while attempting to activate 'Pointify.BussinessTier.Services.Implement.MemberProgramService'.
 ---> System.InvalidOperationException: Unable to resolve service for type 'NLog.Web.IHttpContextAccessor' while attempting to activate 'Pointify.BussinessTier.Services.Implement.MemberProgramService'.
   at Microsoft.Extensions.DependencyInjection.ServiceLookup.CallSiteFactory.CreateArgumentCallSites(Type implementationType, CallSiteChain callSiteChain, ParameterInfo[] parameters, Boolean throwIfCallSiteNotFound)
   at Microsoft.Extensions.DependencyInjection.ServiceLookup.CallSiteFactory.CreateConstructorCallSite(ResultCache lifetime, Type serviceType, Type implementationType, CallSiteChain callSiteChain)
   at Microsoft.Extensions.DependencyInjection.ServiceLookup.CallSiteFactory.TryCreateExact(ServiceDescriptor descriptor, Type serviceType, CallSiteChain callSiteChain, Int32 slot)
   at Microsoft.Extensions.DependencyInjection.ServiceLookup.CallSiteFactory.GetCallSite(ServiceDescriptor serviceDescriptor, CallSiteChain callSiteChain)
   at Microsoft.Extensions.DependencyInjection.ServiceProvider.ValidateService(ServiceDescriptor descriptor)
   --- End of inner exception stack trace ---
   at Microsoft.Extensions.DependencyInjection.ServiceProvider.ValidateService(ServiceDescriptor descriptor)
   at Microsoft.Extensions.DependencyInjection.ServiceProvider..ctor(ICollection`1 serviceDescriptors, ServiceProviderOptions options)|url: |action: |Program.<Main>$
2023-09-26 17:17:27.5973|0|ERROR|Program|Stop program because of exception System.InvalidOperationException: Error while validating the service descriptor 'ServiceType: Pointify.BussinessTier.Services.Interface.IMemberProgramService Lifetime: Scoped ImplementationType: Pointify.BussinessTier.Services.Implement.MemberProgramService': Unable to resolve service for type 'NLog.Web.IHttpContextAccessor' while attempting to activate 'Pointify.BussinessTier.Services.Implement.MemberProgramService'.
 ---> System.InvalidOperationException: Unable to resolve service for type 'NLog.Web.IHttpContextAccessor' while attempting to activate 'Pointify.BussinessTier.Services.Implement.MemberProgramService'.
   at Microsoft.Extensions.DependencyInjection.ServiceLookup.CallSiteFactory.CreateArgumentCallSites(Type implementationType, CallSiteChain callSiteChain, ParameterInfo[] parameters, Boolean throwIfCallSiteNotFound)
   at Microsoft.Extensions.DependencyInjection.ServiceLookup.CallSiteFactory.CreateConstructorCallSite(ResultCache lifetime, Type serviceType, Type implementationType, CallSiteChain callSiteChain)
   at Microsoft.Extensions.DependencyInjection.ServiceLookup.CallSiteFactory.TryCreateExact(ServiceDescriptor descriptor, Type serviceType, CallSiteChain callSiteChain, Int32 slot)
   at Microsoft.Extensions.DependencyInjection.ServiceLookup.CallSiteFactory.GetCallSite(ServiceDescriptor serviceDescriptor, CallSiteChain callSiteChain)
   at Microsoft.Extensions.DependencyInjection.ServiceProvider.ValidateService(ServiceDescriptor descriptor)
   --- End of inner exception stack trace ---
   at Microsoft.Extensions.DependencyInjection.ServiceProvider.ValidateService(ServiceDescriptor descriptor)
   at Microsoft.Extensions.DependencyInjection.ServiceProvider..ctor(ICollection`1 serviceDescriptors, ServiceProviderOptions options)|url: |action: |Program.<Main>$
2023-09-26 17:17:45.4681|0|ERROR|Program|Stop program because of exception System.InvalidOperationException: Error while validating the service descriptor 'ServiceType: Pointify.BussinessTier.Services.Interface.IMemberProgramService Lifetime: Scoped ImplementationType: Pointify.BussinessTier.Services.Implement.MemberProgramService': Unable to resolve service for type 'NLog.Web.IHttpContextAccessor' while attempting to activate 'Pointify.BussinessTier.Services.Implement.MemberProgramService'.
 ---> System.InvalidOperationException: Unable to resolve service for type 'NLog.Web.IHttpContextAccessor' while attempting to activate 'Pointify.BussinessTier.Services.Implement.MemberProgramService'.
   at Microsoft.Extensions.DependencyInjection.ServiceLookup.CallSiteFactory.CreateArgumentCallSites(Type implementationType, CallSiteChain callSiteChain, ParameterInfo[] parameters, Boolean throwIfCallSiteNotFound)
   at Microsoft.Extensions.DependencyInjection.ServiceLookup.CallSiteFactory.CreateConstructorCallSite(ResultCache lifetime, Type serviceType, Type implementationType, CallSiteChain callSiteChain)
   at Microsoft.Extensions.DependencyInjection.ServiceLookup.CallSiteFactory.TryCreateExact(ServiceDescriptor descriptor, Type serviceType, CallSiteChain callSiteChain, Int32 slot)
   at Microsoft.Extensions.DependencyInjection.ServiceLookup.CallSiteFactory.GetCallSite(ServiceDescriptor serviceDescriptor, CallSiteChain callSiteChain)
   at Microsoft.Extensions.DependencyInjection.ServiceProvider.ValidateService(ServiceDescriptor descriptor)
   --- End of inner exception stack trace ---
   at Microsoft.Extensions.DependencyInjection.ServiceProvider.ValidateService(ServiceDescriptor descriptor)
   at Microsoft.Extensions.DependencyInjection.ServiceProvider..ctor(ICollection`1 serviceDescriptors, ServiceProviderOptions options)|url: |action: |Program.<Main>$
2023-09-26 17:18:02.9419|0|ERROR|Program|Stop program because of exception System.InvalidOperationException: Error while validating the service descriptor 'ServiceType: Pointify.BussinessTier.Services.Interface.IMemberProgramService Lifetime: Scoped ImplementationType: Pointify.BussinessTier.Services.Implement.MemberProgramService': Unable to resolve service for type 'NLog.Web.IHttpContextAccessor' while attempting to activate 'Pointify.BussinessTier.Services.Implement.MemberProgramService'.
 ---> System.InvalidOperationException: Unable to resolve service for type 'NLog.Web.IHttpContextAccessor' while attempting to activate 'Pointify.BussinessTier.Services.Implement.MemberProgramService'.
   at Microsoft.Extensions.DependencyInjection.ServiceLookup.CallSiteFactory.CreateArgumentCallSites(Type implementationType, CallSiteChain callSiteChain, ParameterInfo[] parameters, Boolean throwIfCallSiteNotFound)
   at Microsoft.Extensions.DependencyInjection.ServiceLookup.CallSiteFactory.CreateConstructorCallSite(ResultCache lifetime, Type serviceType, Type implementationType, CallSiteChain callSiteChain)
   at Microsoft.Extensions.DependencyInjection.ServiceLookup.CallSiteFactory.TryCreateExact(ServiceDescriptor descriptor, Type serviceType, CallSiteChain callSiteChain, Int32 slot)
   at Microsoft.Extensions.DependencyInjection.ServiceLookup.CallSiteFactory.GetCallSite(ServiceDescriptor serviceDescriptor, CallSiteChain callSiteChain)
   at Microsoft.Extensions.DependencyInjection.ServiceProvider.ValidateService(ServiceDescriptor descriptor)
   --- End of inner exception stack trace ---
   at Microsoft.Extensions.DependencyInjection.ServiceProvider.ValidateService(ServiceDescriptor descriptor)
   at Microsoft.Extensions.DependencyInjection.ServiceProvider..ctor(ICollection`1 serviceDescriptors, ServiceProviderOptions options)|url: |action: |Program.<Main>$
2023-09-26 17:18:07.6469|0|ERROR|Program|Stop program because of exception System.InvalidOperationException: Error while validating the service descriptor 'ServiceType: Pointify.BussinessTier.Services.Interface.IMemberProgramService Lifetime: Scoped ImplementationType: Pointify.BussinessTier.Services.Implement.MemberProgramService': Unable to resolve service for type 'NLog.Web.IHttpContextAccessor' while attempting to activate 'Pointify.BussinessTier.Services.Implement.MemberProgramService'.
 ---> System.InvalidOperationException: Unable to resolve service for type 'NLog.Web.IHttpContextAccessor' while attempting to activate 'Pointify.BussinessTier.Services.Implement.MemberProgramService'.
   at Microsoft.Extensions.DependencyInjection.ServiceLookup.CallSiteFactory.CreateArgumentCallSites(Type implementationType, CallSiteChain callSiteChain, ParameterInfo[] parameters, Boolean throwIfCallSiteNotFound)
   at Microsoft.Extensions.DependencyInjection.ServiceLookup.CallSiteFactory.CreateConstructorCallSite(ResultCache lifetime, Type serviceType, Type implementationType, CallSiteChain callSiteChain)
   at Microsoft.Extensions.DependencyInjection.ServiceLookup.CallSiteFactory.TryCreateExact(ServiceDescriptor descriptor, Type serviceType, CallSiteChain callSiteChain, Int32 slot)
   at Microsoft.Extensions.DependencyInjection.ServiceLookup.CallSiteFactory.GetCallSite(ServiceDescriptor serviceDescriptor, CallSiteChain callSiteChain)
   at Microsoft.Extensions.DependencyInjection.ServiceProvider.ValidateService(ServiceDescriptor descriptor)
   --- End of inner exception stack trace ---
   at Microsoft.Extensions.DependencyInjection.ServiceProvider.ValidateService(ServiceDescriptor descriptor)
   at Microsoft.Extensions.DependencyInjection.ServiceProvider..ctor(ICollection`1 serviceDescriptors, ServiceProviderOptions options)|url: |action: |Program.<Main>$
2023-09-26 17:18:26.9254|0|ERROR|Program|Stop program because of exception System.InvalidOperationException: Error while validating the service descriptor 'ServiceType: Pointify.BussinessTier.Services.Interface.IMemberProgramService Lifetime: Scoped ImplementationType: Pointify.BussinessTier.Services.Implement.MemberProgramService': Unable to resolve service for type 'NLog.Web.IHttpContextAccessor' while attempting to activate 'Pointify.BussinessTier.Services.Implement.MemberProgramService'.
 ---> System.InvalidOperationException: Unable to resolve service for type 'NLog.Web.IHttpContextAccessor' while attempting to activate 'Pointify.BussinessTier.Services.Implement.MemberProgramService'.
   at Microsoft.Extensions.DependencyInjection.ServiceLookup.CallSiteFactory.CreateArgumentCallSites(Type implementationType, CallSiteChain callSiteChain, ParameterInfo[] parameters, Boolean throwIfCallSiteNotFound)
   at Microsoft.Extensions.DependencyInjection.ServiceLookup.CallSiteFactory.CreateConstructorCallSite(ResultCache lifetime, Type serviceType, Type implementationType, CallSiteChain callSiteChain)
   at Microsoft.Extensions.DependencyInjection.ServiceLookup.CallSiteFactory.TryCreateExact(ServiceDescriptor descriptor, Type serviceType, CallSiteChain callSiteChain, Int32 slot)
   at Microsoft.Extensions.DependencyInjection.ServiceLookup.CallSiteFactory.GetCallSite(ServiceDescriptor serviceDescriptor, CallSiteChain callSiteChain)
   at Microsoft.Extensions.DependencyInjection.ServiceProvider.ValidateService(ServiceDescriptor descriptor)
   --- End of inner exception stack trace ---
   at Microsoft.Extensions.DependencyInjection.ServiceProvider.ValidateService(ServiceDescriptor descriptor)
   at Microsoft.Extensions.DependencyInjection.ServiceProvider..ctor(ICollection`1 serviceDescriptors, ServiceProviderOptions options)|url: |action: |Program.<Main>$
2023-09-26 17:18:41.0177|0|ERROR|Program|Stop program because of exception System.InvalidOperationException: Error while validating the service descriptor 'ServiceType: Pointify.BussinessTier.Services.Interface.IMemberProgramService Lifetime: Scoped ImplementationType: Pointify.BussinessTier.Services.Implement.MemberProgramService': Unable to resolve service for type 'NLog.Web.IHttpContextAccessor' while attempting to activate 'Pointify.BussinessTier.Services.Implement.MemberProgramService'.
 ---> System.InvalidOperationException: Unable to resolve service for type 'NLog.Web.IHttpContextAccessor' while attempting to activate 'Pointify.BussinessTier.Services.Implement.MemberProgramService'.
   at Microsoft.Extensions.DependencyInjection.ServiceLookup.CallSiteFactory.CreateArgumentCallSites(Type implementationType, CallSiteChain callSiteChain, ParameterInfo[] parameters, Boolean throwIfCallSiteNotFound)
   at Microsoft.Extensions.DependencyInjection.ServiceLookup.CallSiteFactory.CreateConstructorCallSite(ResultCache lifetime, Type serviceType, Type implementationType, CallSiteChain callSiteChain)
   at Microsoft.Extensions.DependencyInjection.ServiceLookup.CallSiteFactory.TryCreateExact(ServiceDescriptor descriptor, Type serviceType, CallSiteChain callSiteChain, Int32 slot)
   at Microsoft.Extensions.DependencyInjection.ServiceLookup.CallSiteFactory.GetCallSite(ServiceDescriptor serviceDescriptor, CallSiteChain callSiteChain)
   at Microsoft.Extensions.DependencyInjection.ServiceProvider.ValidateService(ServiceDescriptor descriptor)
   --- End of inner exception stack trace ---
   at Microsoft.Extensions.DependencyInjection.ServiceProvider.ValidateService(ServiceDescriptor descriptor)
   at Microsoft.Extensions.DependencyInjection.ServiceProvider..ctor(ICollection`1 serviceDescriptors, ServiceProviderOptions options)|url: |action: |Program.<Main>$
2023-09-26 17:19:11.4138|0|ERROR|Program|Stop program because of exception System.InvalidOperationException: Error while validating the service descriptor 'ServiceType: Pointify.BussinessTier.Services.Interface.IMemberProgramService Lifetime: Scoped ImplementationType: Pointify.BussinessTier.Services.Implement.MemberProgramService': Unable to resolve service for type 'NLog.Web.IHttpContextAccessor' while attempting to activate 'Pointify.BussinessTier.Services.Implement.MemberProgramService'.
 ---> System.InvalidOperationException: Unable to resolve service for type 'NLog.Web.IHttpContextAccessor' while attempting to activate 'Pointify.BussinessTier.Services.Implement.MemberProgramService'.
   at Microsoft.Extensions.DependencyInjection.ServiceLookup.CallSiteFactory.CreateArgumentCallSites(Type implementationType, CallSiteChain callSiteChain, ParameterInfo[] parameters, Boolean throwIfCallSiteNotFound)
   at Microsoft.Extensions.DependencyInjection.ServiceLookup.CallSiteFactory.CreateConstructorCallSite(ResultCache lifetime, Type serviceType, Type implementationType, CallSiteChain callSiteChain)
   at Microsoft.Extensions.DependencyInjection.ServiceLookup.CallSiteFactory.TryCreateExact(ServiceDescriptor descriptor, Type serviceType, CallSiteChain callSiteChain, Int32 slot)
   at Microsoft.Extensions.DependencyInjection.ServiceLookup.CallSiteFactory.GetCallSite(ServiceDescriptor serviceDescriptor, CallSiteChain callSiteChain)
   at Microsoft.Extensions.DependencyInjection.ServiceProvider.ValidateService(ServiceDescriptor descriptor)
   --- End of inner exception stack trace ---
   at Microsoft.Extensions.DependencyInjection.ServiceProvider.ValidateService(ServiceDescriptor descriptor)
   at Microsoft.Extensions.DependencyInjection.ServiceProvider..ctor(ICollection`1 serviceDescriptors, ServiceProviderOptions options)|url: |action: |Program.<Main>$
2023-09-26 17:19:37.5357|0|ERROR|Program|Stop program because of exception System.InvalidOperationException: Error while validating the service descriptor 'ServiceType: Pointify.BussinessTier.Services.Interface.IMemberProgramService Lifetime: Scoped ImplementationType: Pointify.BussinessTier.Services.Implement.MemberProgramService': Unable to resolve service for type 'NLog.Web.IHttpContextAccessor' while attempting to activate 'Pointify.BussinessTier.Services.Implement.MemberProgramService'.
 ---> System.InvalidOperationException: Unable to resolve service for type 'NLog.Web.IHttpContextAccessor' while attempting to activate 'Pointify.BussinessTier.Services.Implement.MemberProgramService'.
   at Microsoft.Extensions.DependencyInjection.ServiceLookup.CallSiteFactory.CreateArgumentCallSites(Type implementationType, CallSiteChain callSiteChain, ParameterInfo[] parameters, Boolean throwIfCallSiteNotFound)
   at Microsoft.Extensions.DependencyInjection.ServiceLookup.CallSiteFactory.CreateConstructorCallSite(ResultCache lifetime, Type serviceType, Type implementationType, CallSiteChain callSiteChain)
   at Microsoft.Extensions.DependencyInjection.ServiceLookup.CallSiteFactory.TryCreateExact(ServiceDescriptor descriptor, Type serviceType, CallSiteChain callSiteChain, Int32 slot)
   at Microsoft.Extensions.DependencyInjection.ServiceLookup.CallSiteFactory.GetCallSite(ServiceDescriptor serviceDescriptor, CallSiteChain callSiteChain)
   at Microsoft.Extensions.DependencyInjection.ServiceProvider.ValidateService(ServiceDescriptor descriptor)
   --- End of inner exception stack trace ---
   at Microsoft.Extensions.DependencyInjection.ServiceProvider.ValidateService(ServiceDescriptor descriptor)
   at Microsoft.Extensions.DependencyInjection.ServiceProvider..ctor(ICollection`1 serviceDescriptors, ServiceProviderOptions options)|url: |action: |Program.<Main>$
2023-09-26 17:19:55.5839|0|ERROR|Program|Stop program because of exception System.InvalidOperationException: Error while validating the service descriptor 'ServiceType: Pointify.BussinessTier.Services.Interface.IMemberProgramService Lifetime: Scoped ImplementationType: Pointify.BussinessTier.Services.Implement.MemberProgramService': Unable to resolve service for type 'NLog.Web.IHttpContextAccessor' while attempting to activate 'Pointify.BussinessTier.Services.Implement.MemberProgramService'.
 ---> System.InvalidOperationException: Unable to resolve service for type 'NLog.Web.IHttpContextAccessor' while attempting to activate 'Pointify.BussinessTier.Services.Implement.MemberProgramService'.
   at Microsoft.Extensions.DependencyInjection.ServiceLookup.CallSiteFactory.CreateArgumentCallSites(Type implementationType, CallSiteChain callSiteChain, ParameterInfo[] parameters, Boolean throwIfCallSiteNotFound)
   at Microsoft.Extensions.DependencyInjection.ServiceLookup.CallSiteFactory.CreateConstructorCallSite(ResultCache lifetime, Type serviceType, Type implementationType, CallSiteChain callSiteChain)
   at Microsoft.Extensions.DependencyInjection.ServiceLookup.CallSiteFactory.TryCreateExact(ServiceDescriptor descriptor, Type serviceType, CallSiteChain callSiteChain, Int32 slot)
   at Microsoft.Extensions.DependencyInjection.ServiceLookup.CallSiteFactory.GetCallSite(ServiceDescriptor serviceDescriptor, CallSiteChain callSiteChain)
   at Microsoft.Extensions.DependencyInjection.ServiceProvider.ValidateService(ServiceDescriptor descriptor)
   --- End of inner exception stack trace ---
   at Microsoft.Extensions.DependencyInjection.ServiceProvider.ValidateService(ServiceDescriptor descriptor)
   at Microsoft.Extensions.DependencyInjection.ServiceProvider..ctor(ICollection`1 serviceDescriptors, ServiceProviderOptions options)|url: |action: |Program.<Main>$
2023-09-26 17:22:26.5272|0|ERROR|Program|Stop program because of exception System.InvalidOperationException: Error while validating the service descriptor 'ServiceType: Pointify.BussinessTier.Services.Interface.IMemberProgramService Lifetime: Scoped ImplementationType: Pointify.BussinessTier.Services.Implement.MemberProgramService': Unable to resolve service for type 'NLog.Web.IHttpContextAccessor' while attempting to activate 'Pointify.BussinessTier.Services.Implement.MemberProgramService'.
 ---> System.InvalidOperationException: Unable to resolve service for type 'NLog.Web.IHttpContextAccessor' while attempting to activate 'Pointify.BussinessTier.Services.Implement.MemberProgramService'.
   at Microsoft.Extensions.DependencyInjection.ServiceLookup.CallSiteFactory.CreateArgumentCallSites(Type implementationType, CallSiteChain callSiteChain, ParameterInfo[] parameters, Boolean throwIfCallSiteNotFound)
   at Microsoft.Extensions.DependencyInjection.ServiceLookup.CallSiteFactory.CreateConstructorCallSite(ResultCache lifetime, Type serviceType, Type implementationType, CallSiteChain callSiteChain)
   at Microsoft.Extensions.DependencyInjection.ServiceLookup.CallSiteFactory.TryCreateExact(ServiceDescriptor descriptor, Type serviceType, CallSiteChain callSiteChain, Int32 slot)
   at Microsoft.Extensions.DependencyInjection.ServiceLookup.CallSiteFactory.GetCallSite(ServiceDescriptor serviceDescriptor, CallSiteChain callSiteChain)
   at Microsoft.Extensions.DependencyInjection.ServiceProvider.ValidateService(ServiceDescriptor descriptor)
   --- End of inner exception stack trace ---
   at Microsoft.Extensions.DependencyInjection.ServiceProvider.ValidateService(ServiceDescriptor descriptor)
   at Microsoft.Extensions.DependencyInjection.ServiceProvider..ctor(ICollection`1 serviceDescriptors, ServiceProviderOptions options)|url: |action: |Program.<Main>$
2023-09-26 17:24:23.9743|0|ERROR|Program|Stop program because of exception System.InvalidOperationException: Error while validating the service descriptor 'ServiceType: Pointify.BussinessTier.Services.Interface.IMemberProgramService Lifetime: Scoped ImplementationType: Pointify.BussinessTier.Services.Implement.MemberProgramService': Unable to resolve service for type 'NLog.Web.IHttpContextAccessor' while attempting to activate 'Pointify.BussinessTier.Services.Implement.MemberProgramService'.
 ---> System.InvalidOperationException: Unable to resolve service for type 'NLog.Web.IHttpContextAccessor' while attempting to activate 'Pointify.BussinessTier.Services.Implement.MemberProgramService'.
   at Microsoft.Extensions.DependencyInjection.ServiceLookup.CallSiteFactory.CreateArgumentCallSites(Type implementationType, CallSiteChain callSiteChain, ParameterInfo[] parameters, Boolean throwIfCallSiteNotFound)
   at Microsoft.Extensions.DependencyInjection.ServiceLookup.CallSiteFactory.CreateConstructorCallSite(ResultCache lifetime, Type serviceType, Type implementationType, CallSiteChain callSiteChain)
   at Microsoft.Extensions.DependencyInjection.ServiceLookup.CallSiteFactory.TryCreateExact(ServiceDescriptor descriptor, Type serviceType, CallSiteChain callSiteChain, Int32 slot)
   at Microsoft.Extensions.DependencyInjection.ServiceLookup.CallSiteFactory.GetCallSite(ServiceDescriptor serviceDescriptor, CallSiteChain callSiteChain)
   at Microsoft.Extensions.DependencyInjection.ServiceProvider.ValidateService(ServiceDescriptor descriptor)
   --- End of inner exception stack trace ---
   at Microsoft.Extensions.DependencyInjection.ServiceProvider.ValidateService(ServiceDescriptor descriptor)
   at Microsoft.Extensions.DependencyInjection.ServiceProvider..ctor(ICollection`1 serviceDescriptors, ServiceProviderOptions options)|url: |action: |Program.<Main>$
2023-09-26 17:26:19.2415|0|ERROR|Program|Stop program because of exception System.InvalidOperationException: Error while validating the service descriptor 'ServiceType: Pointify.BussinessTier.Services.Interface.IMemberProgramService Lifetime: Scoped ImplementationType: Pointify.BussinessTier.Services.Implement.MemberProgramService': Unable to resolve service for type 'NLog.Web.IHttpContextAccessor' while attempting to activate 'Pointify.BussinessTier.Services.Implement.MemberProgramService'.
 ---> System.InvalidOperationException: Unable to resolve service for type 'NLog.Web.IHttpContextAccessor' while attempting to activate 'Pointify.BussinessTier.Services.Implement.MemberProgramService'.
   at Microsoft.Extensions.DependencyInjection.ServiceLookup.CallSiteFactory.CreateArgumentCallSites(Type implementationType, CallSiteChain callSiteChain, ParameterInfo[] parameters, Boolean throwIfCallSiteNotFound)
   at Microsoft.Extensions.DependencyInjection.ServiceLookup.CallSiteFactory.CreateConstructorCallSite(ResultCache lifetime, Type serviceType, Type implementationType, CallSiteChain callSiteChain)
   at Microsoft.Extensions.DependencyInjection.ServiceLookup.CallSiteFactory.TryCreateExact(ServiceDescriptor descriptor, Type serviceType, CallSiteChain callSiteChain, Int32 slot)
   at Microsoft.Extensions.DependencyInjection.ServiceLookup.CallSiteFactory.GetCallSite(ServiceDescriptor serviceDescriptor, CallSiteChain callSiteChain)
   at Microsoft.Extensions.DependencyInjection.ServiceProvider.ValidateService(ServiceDescriptor descriptor)
   --- End of inner exception stack trace ---
   at Microsoft.Extensions.DependencyInjection.ServiceProvider.ValidateService(ServiceDescriptor descriptor)
   at Microsoft.Extensions.DependencyInjection.ServiceProvider..ctor(ICollection`1 serviceDescriptors, ServiceProviderOptions options)|url: |action: |Program.<Main>$
2023-09-26 17:27:50.5482|0|ERROR|Program|Stop program because of exception System.InvalidOperationException: Error while validating the service descriptor 'ServiceType: Pointify.BussinessTier.Services.Interface.IMemberProgramService Lifetime: Scoped ImplementationType: Pointify.BussinessTier.Services.Implement.MemberProgramService': Unable to resolve service for type 'NLog.Web.IHttpContextAccessor' while attempting to activate 'Pointify.BussinessTier.Services.Implement.MemberProgramService'.
 ---> System.InvalidOperationException: Unable to resolve service for type 'NLog.Web.IHttpContextAccessor' while attempting to activate 'Pointify.BussinessTier.Services.Implement.MemberProgramService'.
   at Microsoft.Extensions.DependencyInjection.ServiceLookup.CallSiteFactory.CreateArgumentCallSites(Type implementationType, CallSiteChain callSiteChain, ParameterInfo[] parameters, Boolean throwIfCallSiteNotFound)
   at Microsoft.Extensions.DependencyInjection.ServiceLookup.CallSiteFactory.CreateConstructorCallSite(ResultCache lifetime, Type serviceType, Type implementationType, CallSiteChain callSiteChain)
   at Microsoft.Extensions.DependencyInjection.ServiceLookup.CallSiteFactory.TryCreateExact(ServiceDescriptor descriptor, Type serviceType, CallSiteChain callSiteChain, Int32 slot)
   at Microsoft.Extensions.DependencyInjection.ServiceLookup.CallSiteFactory.GetCallSite(ServiceDescriptor serviceDescriptor, CallSiteChain callSiteChain)
   at Microsoft.Extensions.DependencyInjection.ServiceProvider.ValidateService(ServiceDescriptor descriptor)
   --- End of inner exception stack trace ---
   at Microsoft.Extensions.DependencyInjection.ServiceProvider.ValidateService(ServiceDescriptor descriptor)
   at Microsoft.Extensions.DependencyInjection.ServiceProvider..ctor(ICollection`1 serviceDescriptors, ServiceProviderOptions options)|url: |action: |Program.<Main>$
2023-09-26 17:38:55.5909|0|ERROR|Program|Stop program because of exception System.InvalidOperationException: Error while validating the service descriptor 'ServiceType: Pointify.BussinessTier.Services.Interface.IMemberProgramService Lifetime: Scoped ImplementationType: Pointify.BussinessTier.Services.Implement.MemberProgramService': Unable to resolve service for type 'Microsoft.AspNetCore.Http.IHttpContextAccessor' while attempting to activate 'Pointify.BussinessTier.Services.Implement.MemberProgramService'.
 ---> System.InvalidOperationException: Unable to resolve service for type 'Microsoft.AspNetCore.Http.IHttpContextAccessor' while attempting to activate 'Pointify.BussinessTier.Services.Implement.MemberProgramService'.
   at Microsoft.Extensions.DependencyInjection.ServiceLookup.CallSiteFactory.CreateArgumentCallSites(Type implementationType, CallSiteChain callSiteChain, ParameterInfo[] parameters, Boolean throwIfCallSiteNotFound)
   at Microsoft.Extensions.DependencyInjection.ServiceLookup.CallSiteFactory.CreateConstructorCallSite(ResultCache lifetime, Type serviceType, Type implementationType, CallSiteChain callSiteChain)
   at Microsoft.Extensions.DependencyInjection.ServiceLookup.CallSiteFactory.TryCreateExact(ServiceDescriptor descriptor, Type serviceType, CallSiteChain callSiteChain, Int32 slot)
   at Microsoft.Extensions.DependencyInjection.ServiceLookup.CallSiteFactory.GetCallSite(ServiceDescriptor serviceDescriptor, CallSiteChain callSiteChain)
   at Microsoft.Extensions.DependencyInjection.ServiceProvider.ValidateService(ServiceDescriptor descriptor)
   --- End of inner exception stack trace ---
   at Microsoft.Extensions.DependencyInjection.ServiceProvider.ValidateService(ServiceDescriptor descriptor)
   at Microsoft.Extensions.DependencyInjection.ServiceProvider..ctor(ICollection`1 serviceDescriptors, ServiceProviderOptions options)|url: |action: |Program.<Main>$
2023-09-26 17:40:07.6868|0|ERROR|Program|Stop program because of exception System.InvalidOperationException: Error while validating the service descriptor 'ServiceType: Pointify.BussinessTier.Services.Interface.IMemberProgramService Lifetime: Scoped ImplementationType: Pointify.BussinessTier.Services.Implement.MemberProgramService': Unable to resolve service for type 'Microsoft.AspNetCore.Http.IHttpContextAccessor' while attempting to activate 'Pointify.BussinessTier.Services.Implement.MemberProgramService'.
 ---> System.InvalidOperationException: Unable to resolve service for type 'Microsoft.AspNetCore.Http.IHttpContextAccessor' while attempting to activate 'Pointify.BussinessTier.Services.Implement.MemberProgramService'.
   at Microsoft.Extensions.DependencyInjection.ServiceLookup.CallSiteFactory.CreateArgumentCallSites(Type implementationType, CallSiteChain callSiteChain, ParameterInfo[] parameters, Boolean throwIfCallSiteNotFound)
   at Microsoft.Extensions.DependencyInjection.ServiceLookup.CallSiteFactory.CreateConstructorCallSite(ResultCache lifetime, Type serviceType, Type implementationType, CallSiteChain callSiteChain)
   at Microsoft.Extensions.DependencyInjection.ServiceLookup.CallSiteFactory.TryCreateExact(ServiceDescriptor descriptor, Type serviceType, CallSiteChain callSiteChain, Int32 slot)
   at Microsoft.Extensions.DependencyInjection.ServiceLookup.CallSiteFactory.GetCallSite(ServiceDescriptor serviceDescriptor, CallSiteChain callSiteChain)
   at Microsoft.Extensions.DependencyInjection.ServiceProvider.ValidateService(ServiceDescriptor descriptor)
   --- End of inner exception stack trace ---
   at Microsoft.Extensions.DependencyInjection.ServiceProvider.ValidateService(ServiceDescriptor descriptor)
   at Microsoft.Extensions.DependencyInjection.ServiceProvider..ctor(ICollection`1 serviceDescriptors, ServiceProviderOptions options)|url: |action: |Program.<Main>$
2023-09-26 17:40:27.6089|0|ERROR|Program|Stop program because of exception System.InvalidOperationException: Error while validating the service descriptor 'ServiceType: Pointify.BussinessTier.Services.Interface.IMemberProgramService Lifetime: Scoped ImplementationType: Pointify.BussinessTier.Services.Implement.MemberProgramService': Unable to resolve service for type 'Microsoft.AspNetCore.Http.IHttpContextAccessor' while attempting to activate 'Pointify.BussinessTier.Services.Implement.MemberProgramService'.
 ---> System.InvalidOperationException: Unable to resolve service for type 'Microsoft.AspNetCore.Http.IHttpContextAccessor' while attempting to activate 'Pointify.BussinessTier.Services.Implement.MemberProgramService'.
   at Microsoft.Extensions.DependencyInjection.ServiceLookup.CallSiteFactory.CreateArgumentCallSites(Type implementationType, CallSiteChain callSiteChain, ParameterInfo[] parameters, Boolean throwIfCallSiteNotFound)
   at Microsoft.Extensions.DependencyInjection.ServiceLookup.CallSiteFactory.CreateConstructorCallSite(ResultCache lifetime, Type serviceType, Type implementationType, CallSiteChain callSiteChain)
   at Microsoft.Extensions.DependencyInjection.ServiceLookup.CallSiteFactory.TryCreateExact(ServiceDescriptor descriptor, Type serviceType, CallSiteChain callSiteChain, Int32 slot)
   at Microsoft.Extensions.DependencyInjection.ServiceLookup.CallSiteFactory.GetCallSite(ServiceDescriptor serviceDescriptor, CallSiteChain callSiteChain)
   at Microsoft.Extensions.DependencyInjection.ServiceProvider.ValidateService(ServiceDescriptor descriptor)
   --- End of inner exception stack trace ---
   at Microsoft.Extensions.DependencyInjection.ServiceProvider.ValidateService(ServiceDescriptor descriptor)
   at Microsoft.Extensions.DependencyInjection.ServiceProvider..ctor(ICollection`1 serviceDescriptors, ServiceProviderOptions options)|url: |action: |Program.<Main>$
2023-09-26 17:43:18.7873|0|ERROR|Program|Stop program because of exception System.InvalidOperationException: Error while validating the service descriptor 'ServiceType: Pointify.BussinessTier.Services.Interface.IMemberProgramService Lifetime: Scoped ImplementationType: Pointify.BussinessTier.Services.Implement.MemberProgramService': Unable to resolve service for type 'Microsoft.AspNetCore.Http.IHttpContextAccessor' while attempting to activate 'Pointify.BussinessTier.Services.Implement.MemberProgramService'.
 ---> System.InvalidOperationException: Unable to resolve service for type 'Microsoft.AspNetCore.Http.IHttpContextAccessor' while attempting to activate 'Pointify.BussinessTier.Services.Implement.MemberProgramService'.
   at Microsoft.Extensions.DependencyInjection.ServiceLookup.CallSiteFactory.CreateArgumentCallSites(Type implementationType, CallSiteChain callSiteChain, ParameterInfo[] parameters, Boolean throwIfCallSiteNotFound)
   at Microsoft.Extensions.DependencyInjection.ServiceLookup.CallSiteFactory.CreateConstructorCallSite(ResultCache lifetime, Type serviceType, Type implementationType, CallSiteChain callSiteChain)
   at Microsoft.Extensions.DependencyInjection.ServiceLookup.CallSiteFactory.TryCreateExact(ServiceDescriptor descriptor, Type serviceType, CallSiteChain callSiteChain, Int32 slot)
   at Microsoft.Extensions.DependencyInjection.ServiceLookup.CallSiteFactory.GetCallSite(ServiceDescriptor serviceDescriptor, CallSiteChain callSiteChain)
   at Microsoft.Extensions.DependencyInjection.ServiceProvider.ValidateService(ServiceDescriptor descriptor)
   --- End of inner exception stack trace ---
   at Microsoft.Extensions.DependencyInjection.ServiceProvider.ValidateService(ServiceDescriptor descriptor)
   at Microsoft.Extensions.DependencyInjection.ServiceProvider..ctor(ICollection`1 serviceDescriptors, ServiceProviderOptions options)|url: |action: |Program.<Main>$
2023-09-26 17:46:13.6895|0|ERROR|Program|Stop program because of exception System.InvalidOperationException: Error while validating the service descriptor 'ServiceType: Pointify.BussinessTier.Services.Interface.IMemberProgramService Lifetime: Scoped ImplementationType: Pointify.BussinessTier.Services.Implement.MemberProgramService': Unable to resolve service for type 'Microsoft.AspNetCore.Http.IHttpContextAccessor' while attempting to activate 'Pointify.BussinessTier.Services.Implement.MemberProgramService'.
 ---> System.InvalidOperationException: Unable to resolve service for type 'Microsoft.AspNetCore.Http.IHttpContextAccessor' while attempting to activate 'Pointify.BussinessTier.Services.Implement.MemberProgramService'.
   at Microsoft.Extensions.DependencyInjection.ServiceLookup.CallSiteFactory.CreateArgumentCallSites(Type implementationType, CallSiteChain callSiteChain, ParameterInfo[] parameters, Boolean throwIfCallSiteNotFound)
   at Microsoft.Extensions.DependencyInjection.ServiceLookup.CallSiteFactory.CreateConstructorCallSite(ResultCache lifetime, Type serviceType, Type implementationType, CallSiteChain callSiteChain)
   at Microsoft.Extensions.DependencyInjection.ServiceLookup.CallSiteFactory.TryCreateExact(ServiceDescriptor descriptor, Type serviceType, CallSiteChain callSiteChain, Int32 slot)
   at Microsoft.Extensions.DependencyInjection.ServiceLookup.CallSiteFactory.GetCallSite(ServiceDescriptor serviceDescriptor, CallSiteChain callSiteChain)
   at Microsoft.Extensions.DependencyInjection.ServiceProvider.ValidateService(ServiceDescriptor descriptor)
   --- End of inner exception stack trace ---
   at Microsoft.Extensions.DependencyInjection.ServiceProvider.ValidateService(ServiceDescriptor descriptor)
   at Microsoft.Extensions.DependencyInjection.ServiceProvider..ctor(ICollection`1 serviceDescriptors, ServiceProviderOptions options)|url: |action: |Program.<Main>$
